Query: logName:"cloudaudit.googleapis.com%2Factivity"
Adding User to Google Group:
{
  "protoPayload": {
    "@type": "type.googleapis.com/google.cloud.audit.AuditLog",
    "authenticationInfo": {
      "principalEmail": "service-identity@customer.com"
    },
    "requestMetadata": {
      "callerIp": "8.8.8.8",
      "requestAttributes": {},
      "destinationAttributes": {}
    },
    "serviceName": "admin.googleapis.com",
    "methodName": "google.admin.AdminService.addGroupMember",
    "resourceName": "organizations/[ORG_ID]/groupSettings",
    "metadata": {
      "activityId": {
        "timeUsec": "1620835547006000",
        "uniqQualifier": "-5039467235533442123"
      },
      "event": [
        {
          "eventType": "GROUP_SETTINGS",
          "eventName": "ADD_GROUP_MEMBER",
          "parameter": [
            {
              "type": "TYPE_STRING",
              "label": "LABEL_OPTIONAL",
              "name": "USER_EMAIL",
              "value": "newuser@customer.com"
            },
            {
              "label": "LABEL_OPTIONAL",
              "value": "group@customer.com",
              "type": "TYPE_STRING",
              "name": "GROUP_EMAIL"
            }
          ]
        }
      ],
      "@type": "type.googleapis.com/ccc_hosted_reporting.ActivityProto"
    }
  },
  "insertId": "3cg7gzd4pni",
  "resource": {
    "type": "audited_resource",
    "labels": {
      "method": "google.admin.AdminService.addGroupMember",
      "service": "admin.googleapis.com"
    }
  },
  "timestamp": "2021-05-12T16:05:47.006Z",
  "severity": "NOTICE",
  "logName": "organizations/[ORG_ID]/logs/cloudaudit.googleapis.com%2Factivity",
  "receiveTimestamp": "2021-05-12T16:05:47.688372541Z"
}

DNS Entry Change: 
{
  "protoPayload": {
    "@type": "type.googleapis.com/google.cloud.audit.AuditLog",
    "status": {},
    "authenticationInfo": {
      "principalEmail": "benyan@organization.com"
    },
    "requestMetadata": {
      "requestAttributes": {
        "time": "2021-08-13T20:25:21.285279Z",
        "auth": {}
      },
      "destinationAttributes": {}
    },
    "serviceName": "dns.googleapis.com",
    "methodName": "dns.changes.create",
    "authorizationInfo": [
      {
        "permission": "dns.changes.create",
        "granted": true,
        "resourceAttributes": {}
      }
    ],
    "resourceName": "managedZones/test-zone",
    "request": {
      "managedZone": "test-zone",
      "@type": "type.googleapis.com/cloud.dns.api.ChangesCreateRequest",
      "change": {
        "additions": [
          {
            "name": "anotherrecord.testzone.com.",
            "rrdata": [
              "99.88.77.66"
            ],
            "type": "A",
            "ttl": 300
          }
        ]
      },
      "project": "testproject-320520"
    },
    "response": {
      "@type": "type.googleapis.com/cloud.dns.api.ChangesCreateResponse",
      "change": {
        "additions": [
          {
            "name": "anotherrecord.testzone.com.",
            "ttl": 300,
            "type": "A",
            "rrdata": [
              "99.88.77.66"
            ]
          }
        ],
        "status": "PENDING",
        "startTime": "2021-08-13T20:25:21.243Z",
        "id": "2"
      }
    }
  },
  "insertId": "-2hlj9jeaih0k",
  "resource": {
    "type": "dns_managed_zone",
    "labels": {
      "location": "global",
      "project_id": "testproject-320520",
      "zone_name": "test-zone"
    }
  },
  "timestamp": "2021-08-13T20:25:21.225564Z",
  "severity": "NOTICE",
  "logName": "projects/testproject-320520/logs/cloudaudit.googleapis.com%2Factivity",
  "receiveTimestamp": "2021-08-13T20:25:21.295947074Z"
}